<?xml version="1.0" encoding="UTF-8"?>
<!-- Generated by org.testng.reporters.JUnitReportReporter -->
<testsuite skipped="0" hostname="Deepaks-MacBook-Pro.local" name="module4.Highlight_Element" tests="1" failures="0" timestamp="26 Aug 2017 01:49:16 GMT" time="4.928" errors="0">
  <testcase name="highlightElement" time="4.928" classname="module4.Highlight_Element"/>
</testsuite> <!-- module4.Highlight_Element -->
