<?xml version="1.0" encoding="UTF-8"?>
<!-- Generated by org.testng.reporters.JUnitReportReporter -->
<testsuite skipped="0" hostname="Deepaks-MacBook-Pro.local" name="module3.SystemDateTime_Get" tests="1" failures="0" timestamp="25 Aug 2017 20:21:17 GMT" time="0.023" errors="0">
  <testcase name="systemDateTime_Get" time="0.023" classname="module3.SystemDateTime_Get"/>
</testsuite> <!-- module3.SystemDateTime_Get -->
