<?xml version="1.0" encoding="UTF-8"?>
<!-- Generated by org.testng.reporters.JUnitReportReporter -->
<testsuite skipped="0" hostname="Deepaks-MacBook-Pro.local" name="module3.ScreenShot_Robot" tests="1" failures="0" timestamp="24 Aug 2017 21:31:18 GMT" time="0.767" errors="0">
  <testcase name="ScreenShotRobot" time="0.767" classname="module3.ScreenShot_Robot"/>
</testsuite> <!-- module3.ScreenShot_Robot -->
