<?xml version="1.0" encoding="UTF-8"?>
<!-- Generated by org.testng.reporters.JUnitReportReporter -->
<testsuite skipped="0" hostname="Deepaks-MacBook-Pro.local" name="module3.Calender" tests="1" failures="0" timestamp="24 Aug 2017 21:11:07 GMT" time="3.935" errors="0">
  <testcase name="calenderManage" time="3.935" classname="module3.Calender"/>
</testsuite> <!-- module3.Calender -->
