<?xml version="1.0" encoding="UTF-8"?>
<!-- Generated by org.testng.reporters.JUnitReportReporter -->
<testsuite skipped="0" hostname="Deepaks-MacBook-Pro.local" name="module2.ScrollBasic" tests="1" failures="0" timestamp="23 Aug 2017 02:47:03 GMT" time="8.694" errors="0">
  <testcase name="scrollPage" time="8.694" classname="module2.ScrollBasic"/>
</testsuite> <!-- module2.ScrollBasic -->
