<?xml version="1.0" encoding="UTF-8"?>
<!-- Generated by org.testng.reporters.JUnitReportReporter -->
<testsuite skipped="0" hostname="Deepaks-MacBook-Pro.local" name="module4.ExceptionHandling" tests="1" failures="0" timestamp="26 Aug 2017 01:55:02 GMT" time="3.291" errors="0">
  <testcase name="exceptionHandling" time="3.291" classname="module4.ExceptionHandling"/>
</testsuite> <!-- module4.ExceptionHandling -->
