<?xml version="1.0" encoding="UTF-8"?>
<!-- Generated by org.testng.reporters.JUnitReportReporter -->
<testsuite skipped="0" hostname="Deepaks-MacBook-Pro.local" name="ADVANCE_module1.ObjectRepor_Testcases" tests="1" failures="0" timestamp="30 Aug 2017 05:13:06 GMT" time="5.460" errors="0">
  <testcase name="loginWordpress" time="5.460" classname="ADVANCE_module1.ObjectRepor_Testcases"/>
</testsuite> <!-- ADVANCE_module1.ObjectRepor_Testcases -->
