<?xml version="1.0" encoding="UTF-8"?>
<!-- Generated by org.testng.reporters.JUnitReportReporter -->
<testsuite skipped="0" hostname="Deepaks-MacBook-Pro.local" name="SeleniumGrid.TestFFOnGrid" tests="1" failures="0" timestamp="14 Sep 2017 09:48:19 GMT" time="25.737" errors="0">
  <testcase name="testOnFF" time="25.737" classname="SeleniumGrid.TestFFOnGrid"/>
</testsuite> <!-- SeleniumGrid.TestFFOnGrid -->
