<?xml version="1.0" encoding="UTF-8"?>
<!-- Generated by org.testng.reporters.JUnitReportReporter -->
<testsuite skipped="0" hostname="Deepaks-MacBook-Pro.local" name="module3.Report_log4j_Apache" tests="1" failures="0" timestamp="25 Aug 2017 06:03:16 GMT" time="9.092" errors="0">
  <testcase name="logsGeneration" time="9.092" classname="module3.Report_log4j_Apache"/>
</testsuite> <!-- module3.Report_log4j_Apache -->
