<?xml version="1.0" encoding="UTF-8"?>
<!-- Generated by org.testng.reporters.JUnitReportReporter -->
<testsuite skipped="0" hostname="Deepaks-MacBook-Pro.local" name="module2.Scroll_InView" tests="1" failures="0" timestamp="23 Aug 2017 13:34:51 GMT" time="5.738" errors="0">
  <testcase name="scroll_inView" time="5.738" classname="module2.Scroll_InView"/>
</testsuite> <!-- module2.Scroll_InView -->
