<?xml version="1.0" encoding="UTF-8"?>
<!-- Generated by org.testng.reporters.JUnitReportReporter -->
<testsuite skipped="0" hostname="Deepaks-MacBook-Pro.local" name="module3.FramesManage" tests="1" failures="0" timestamp="24 Aug 2017 17:04:27 GMT" time="8.554" errors="0">
  <testcase name="framesManage" time="8.554" classname="module3.FramesManage"/>
</testsuite> <!-- module3.FramesManage -->
