<?xml version="1.0" encoding="UTF-8"?>
<!-- Generated by org.testng.reporters.JUnitReportReporter -->
<testsuite skipped="0" hostname="Deepaks-MacBook-Pro.local" name="POM_TestCases.TryTestcases" tests="1" failures="0" timestamp="26 Aug 2017 21:04:32 GMT" time="15.470" errors="0">
  <testcase name="validUser" time="15.470" classname="POM_TestCases.TryTestcases"/>
</testsuite> <!-- POM_TestCases.TryTestcases -->
