<?xml version="1.0" encoding="UTF-8"?>
<!-- Generated by org.testng.reporters.JUnitReportReporter -->
<testsuite skipped="0" hostname="Deepaks-MacBook-Pro.local" name="ADVANCE_module2.CrossBrowser" tests="2" failures="0" timestamp="01 Sep 2017 04:58:06 GMT" time="14.607" errors="0">
  <testcase name="crossBrowserTesting" time="6.914" classname="ADVANCE_module2.CrossBrowser"/>
  <testcase name="crossBrowserTesting" time="7.693" classname="ADVANCE_module2.CrossBrowser"/>
</testsuite> <!-- ADVANCE_module2.CrossBrowser -->
