<?xml version="1.0" encoding="UTF-8"?>
<!-- Generated by org.testng.reporters.JUnitReportReporter -->
<testsuite skipped="0" hostname="Deepaks-MacBook-Pro.local" name="module3.errorMsgVerify" tests="2" failures="0" timestamp="24 Aug 2017 05:09:06 GMT" time="6.828" errors="0">
  <testcase name="verifyErrMsgGmail" time="2.702" classname="module3.errorMsgVerify"/>
  <testcase name="verifyErrMsgFb" time="4.126" classname="module3.errorMsgVerify"/>
</testsuite> <!-- module3.errorMsgVerify -->
