<?xml version="1.0" encoding="UTF-8"?>
<!-- Generated by org.testng.reporters.JUnitReportReporter -->
<testsuite skipped="0" hostname="Deepaks-MacBook-Pro.local" name="ADVANCE_module1.DDT_Array" tests="3" failures="0" timestamp="28 Aug 2017 21:22:17 GMT" time="27.695" errors="0">
  <testcase name="loginWordPress" time="11.666" classname="ADVANCE_module1.DDT_Array"/>
  <testcase name="loginWordPress" time="7.581" classname="ADVANCE_module1.DDT_Array"/>
  <testcase name="loginWordPress" time="8.448" classname="ADVANCE_module1.DDT_Array"/>
</testsuite> <!-- ADVANCE_module1.DDT_Array -->
