<?xml version="1.0" encoding="UTF-8"?>
<!-- Generated by org.testng.reporters.JUnitReportReporter -->
<testsuite skipped="0" hostname="Deepaks-MacBook-Pro.local" name="module3.DownloadFile" tests="1" failures="0" timestamp="25 Aug 2017 09:47:05 GMT" time="11.032" errors="0">
  <testcase name="downloadAuto" time="11.032" classname="module3.DownloadFile"/>
</testsuite> <!-- module3.DownloadFile -->
