<?xml version="1.0" encoding="UTF-8"?>
<!-- Generated by org.testng.reporters.JUnitReportReporter -->
<testsuite skipped="0" hostname="Deepaks-MacBook-Pro.local" name="module4.forcefullyWrite_WOsendKeys_JavaScript" tests="1" failures="0" timestamp="26 Aug 2017 04:03:22 GMT" time="3.002" errors="0">
  <testcase name="writeToDisableElements" time="3.002" classname="module4.forcefullyWrite_WOsendKeys_JavaScript"/>
</testsuite> <!-- module4.forcefullyWrite_WOsendKeys_JavaScript -->
