<?xml version="1.0" encoding="UTF-8"?>
<!-- Generated by org.testng.reporters.JUnitReportReporter -->
<testsuite skipped="0" hostname="Deepaks-MacBook-Pro.local" name="ADVANCE_module2.HeadLessBrowser_PhantomJS" tests="1" failures="0" timestamp="31 Aug 2017 01:48:22 GMT" time="15.953" errors="0">
  <testcase name="headless_PhantomJS" time="15.953" classname="ADVANCE_module2.HeadLessBrowser_PhantomJS"/>
</testsuite> <!-- ADVANCE_module2.HeadLessBrowser_PhantomJS -->
