<?xml version="1.0" encoding="UTF-8"?>
<!-- Generated by org.testng.reporters.JUnitReportReporter -->
<testsuite skipped="0" hostname="Deepaks-MacBook-Pro.local" name="module3.ProxyManage" tests="1" failures="0" timestamp="25 Aug 2017 09:01:37 GMT" time="3.481" errors="0">
  <testcase name="proxyHandle" time="3.481" classname="module3.ProxyManage"/>
</testsuite> <!-- module3.ProxyManage -->
