<?xml version="1.0" encoding="UTF-8"?>
<!-- Generated by org.testng.reporters.JUnitReportReporter -->
<testsuite skipped="0" hostname="Deepaks-MacBook-Pro.local" name="module3.LogReport_WebDriverListener" tests="1" failures="0" timestamp="25 Aug 2017 07:30:56 GMT" time="4.131" errors="0">
  <testcase name="logReport_Using_WebDriverListener" time="4.131" classname="module3.LogReport_WebDriverListener"/>
</testsuite> <!-- module3.LogReport_WebDriverListener -->
