<?xml version="1.0" encoding="UTF-8"?>
<!-- Generated by org.testng.reporters.JUnitReportReporter -->
<testsuite skipped="0" hostname="Deepaks-MacBook-Pro.local" name="POM_TestCases.verifyLoginPage" tests="1" failures="0" timestamp="26 Aug 2017 21:17:23 GMT" time="14.440" errors="0">
  <testcase name="validUser" time="14.440" classname="POM_TestCases.verifyLoginPage"/>
</testsuite> <!-- POM_TestCases.verifyLoginPage -->
