<?xml version="1.0" encoding="UTF-8"?>
<!-- Generated by org.testng.reporters.JUnitReportReporter -->
<testsuite skipped="0" hostname="Deepaks-MacBook-Pro.local" name="module4.Highlight_Element_JavaScript" tests="1" failures="0" timestamp="28 Aug 2017 15:43:01 GMT" time="5.064" errors="0">
  <testcase name="highlightElement" time="5.064" classname="module4.Highlight_Element_JavaScript"/>
</testsuite> <!-- module4.Highlight_Element_JavaScript -->
