<?xml version="1.0" encoding="UTF-8"?>
<!-- Generated by org.testng.reporters.JUnitReportReporter -->
<testsuite skipped="0" hostname="Deepaks-MacBook-Pro.local" name="module4.forcefullyClick_JavaScript" tests="1" failures="0" timestamp="26 Aug 2017 06:10:52 GMT" time="6.808" errors="0">
  <testcase name="forcefully_Click" time="6.808" classname="module4.forcefullyClick_JavaScript"/>
</testsuite> <!-- module4.forcefullyClick_JavaScript -->
