<?xml version="1.0" encoding="UTF-8"?>
<!-- Generated by org.testng.reporters.JUnitReportReporter -->
<testsuite skipped="0" hostname="Deepaks-MacBook-Pro.local" name="module3.coolTipManage" tests="1" failures="0" timestamp="25 Aug 2017 08:03:36 GMT" time="4.694" errors="0">
  <testcase name="coolTipHandle" time="4.694" classname="module3.coolTipManage"/>
</testsuite> <!-- module3.coolTipManage -->
