<?xml version="1.0" encoding="UTF-8"?>
<!-- Generated by org.testng.reporters.JUnitReportReporter -->
<testsuite skipped="0" hostname="Deepaks-MacBook-Pro.local" name="PF_POM_TestCases.verifyLoginPage_PF" tests="2" failures="0" timestamp="28 Aug 2017 05:16:12 GMT" time="65.116" errors="0">
  <testcase name="invalidPasswordLogin" time="11.063" classname="PF_POM_TestCases.verifyLoginPage_PF"/>
  <testcase name="validUser" time="54.053" classname="PF_POM_TestCases.verifyLoginPage_PF"/>
</testsuite> <!-- PF_POM_TestCases.verifyLoginPage_PF -->
