<?xml version="1.0" encoding="UTF-8"?>
<!-- Generated by org.testng.reporters.JUnitReportReporter -->
<testsuite skipped="0" hostname="Deepaks-MacBook-Pro.local" name="ADVANCE_module1.DDT_TestCase" tests="8" failures="0" timestamp="29 Aug 2017 04:12:56 GMT" time="63.206" errors="0">
  <testcase name="loginWordPress" time="6.095" classname="ADVANCE_module1.DDT_TestCase"/>
  <testcase name="loginWordPress" time="7.826" classname="ADVANCE_module1.DDT_TestCase"/>
  <testcase name="loginWordPress" time="11.236" classname="ADVANCE_module1.DDT_TestCase"/>
  <testcase name="loginWordPress" time="6.452" classname="ADVANCE_module1.DDT_TestCase"/>
  <testcase name="loginWordPress" time="8.603" classname="ADVANCE_module1.DDT_TestCase"/>
  <testcase name="loginWordPress" time="6.399" classname="ADVANCE_module1.DDT_TestCase"/>
  <testcase name="loginWordPress" time="9.375" classname="ADVANCE_module1.DDT_TestCase"/>
  <testcase name="loginWordPress" time="7.220" classname="ADVANCE_module1.DDT_TestCase"/>
</testsuite> <!-- ADVANCE_module1.DDT_TestCase -->
