<?xml version="1.0" encoding="UTF-8"?>
<!-- Generated by org.testng.reporters.JUnitReportReporter -->
<testsuite skipped="0" hostname="Deepaks-MacBook-Pro.local" name="SeleniumGrid.TestOn_BrowserStack_ScreenShot" tests="1" failures="0" timestamp="14 Sep 2017 11:03:17 GMT" time="34.507" errors="0">
  <testcase name="testOnBrowserStackWithScreenShot" time="34.507" classname="SeleniumGrid.TestOn_BrowserStack_ScreenShot"/>
</testsuite> <!-- SeleniumGrid.TestOn_BrowserStack_ScreenShot -->
