<?xml version="1.0" encoding="UTF-8"?>
<!-- Generated by org.testng.reporters.JUnitReportReporter -->
<testsuite skipped="0" hostname="Deepaks-MacBook-Pro.local" name="module3.multipleWindows" tests="1" failures="0" timestamp="24 Aug 2017 15:13:43 GMT" time="4.614" errors="0">
  <testcase name="mulWindows" time="4.614" classname="module3.multipleWindows"/>
</testsuite> <!-- module3.multipleWindows -->
