<?xml version="1.0" encoding="UTF-8"?>
<!-- Generated by org.testng.reporters.JUnitReportReporter -->
<testsuite skipped="0" hostname="Deepaks-MacBook-Pro.local" name="module3.SystemDate_Get" tests="1" failures="0" timestamp="25 Aug 2017 20:18:06 GMT" time="0.025" errors="0">
  <testcase name="systemDate_Get" time="0.025" classname="module3.SystemDate_Get"/>
</testsuite> <!-- module3.SystemDate_Get -->
