<?xml version="1.0" encoding="UTF-8"?>
<!-- Generated by org.testng.reporters.JUnitReportReporter -->
<testsuite skipped="0" hostname="Deepaks-MacBook-Pro.local" name="module3.AlertManage" tests="1" failures="0" timestamp="24 Aug 2017 16:11:35 GMT" time="12.064" errors="0">
  <testcase name="manageAlert" time="12.064" classname="module3.AlertManage"/>
</testsuite> <!-- module3.AlertManage -->
