<?xml version="1.0" encoding="UTF-8"?>
<!-- Generated by org.testng.reporters.JUnitReportReporter -->
<testsuite skipped="0" hostname="Deepaks-MacBook-Pro.local" name="module2.Scroll_Basic" tests="3" failures="0" timestamp="23 Aug 2017 13:34:18 GMT" time="17.506" errors="0">
  <testcase name="scrollPage" time="8.379" classname="module2.Scroll_Basic"/>
  <testcase name="scrollToSpecificElement" time="5.439" classname="module2.Scroll_Basic"/>
  <testcase name="scrollToBottom" time="3.688" classname="module2.Scroll_Basic"/>
</testsuite> <!-- module2.Scroll_Basic -->
