<?xml version="1.0" encoding="UTF-8"?>
<!-- Generated by org.testng.reporters.JUnitReportReporter -->
<testsuite skipped="0" hostname="Deepaks-MacBook-Pro.local" name="ADVANCE_module2.HeadLessBrowser_HTMLUnit" tests="1" failures="0" timestamp="31 Aug 2017 01:11:22 GMT" time="15.844" errors="0">
  <testcase name="headless_HTMLUnit" time="15.844" classname="ADVANCE_module2.HeadLessBrowser_HTMLUnit"/>
</testsuite> <!-- ADVANCE_module2.HeadLessBrowser_HTMLUnit -->
